Attention: Next.js now collects completely anonymous telemetry regarding usage.
This information is used to shape Next.js' roadmap and prioritize features.
You can learn more, including how to opt-out if you'd not like to participate in this anonymous program, by visiting the following URL:
https://nextjs.org/telemetry

  ▲ Next.js 14.2.28
  - Experiments (use with caution):
    · outputFileTracingRoot

   Creating an optimized production build ...
 ✓ Compiled successfully
   Skipping linting
   Checking validity of types ...
   Collecting page data ...
   Generating static pages (0/4) ...
   Generating static pages (1/4) 
   Generating static pages (2/4) 
   Generating static pages (3/4) 
 ✓ Generating static pages (4/4)
   Finalizing page optimization ...
   Collecting build traces ...

Route (app)                              Size     First Load JS
┌ ƒ /                                    4.69 kB          92 kB
├ ƒ /_not-found                          873 B          88.2 kB
├ ƒ /api/calculate-body-params           0 B                0 B
├ ƒ /api/patient/[id]                    0 B                0 B
└ ƒ /api/patients                        0 B                0 B
+ First Load JS shared by all            87.3 kB
  ├ chunks/117-9cbb333b71226517.js       31.6 kB
  ├ chunks/fd9d1056-852f6ae62b0d826e.js  53.6 kB
  └ other shared chunks (total)          2.07 kB


ƒ  (Dynamic)  server-rendered on demand

Successfully built app artifact
