  ▲ Next.js 14.2.28
  - Environments: .env
  - Experiments (use with caution):
    · outputFileTracingRoot

   Creating an optimized production build ...
 ✓ Compiled successfully
   Skipping linting
   Checking validity of types ...
   Collecting page data ...
   Generating static pages (0/7) ...
   Generating static pages (1/7) 
   Generating static pages (3/7) 
   Generating static pages (5/7) 
 ✓ Generating static pages (7/7)
   Finalizing page optimization ...
   Collecting build traces ...

Route (app)                              Size     First Load JS
┌ ƒ /                                    43.6 kB         156 kB
├ ƒ /_not-found                          877 B          88.5 kB
├ ƒ /api/calculate-body-params           0 B                0 B
├ ƒ /api/patient/[id]                    0 B                0 B
├ ƒ /api/patients                        0 B                0 B
├ ƒ /api/predict-metabolic-risk          0 B                0 B
├ ƒ /api/simulate-intervention           0 B                0 B
└ ƒ /dashboard                           110 kB          223 kB
+ First Load JS shared by all            87.6 kB
  ├ chunks/156-204b3373a421c971.js       31.8 kB
  ├ chunks/ceb5afef-bb38adc36a9331a6.js  53.6 kB
  └ other shared chunks (total)          2.12 kB


ƒ  (Dynamic)  server-rendered on demand

exit_code=0
