  ▲ Next.js 14.2.28
  - Local:        http://localhost:3000
  - Environments: .env
  - Experiments (use with caution):
    · outputFileTracingRoot

 ✓ Starting...
 ✓ Ready in 1381ms
 ○ Compiling / ...
 ✓ Compiled / in 2.4s (1966 modules)
 GET / 200 in 2547ms
 ✓ Compiled in 468ms (984 modules)
 GET / 200 in 48ms
 ✓ Compiled /api/patients in 316ms (1015 modules)
 GET /api/patients 200 in 516ms
 GET /api/patients 200 in 22ms
 ✓ Compiled /api/predict-metabolic-risk in 187ms (1017 modules)
 POST /api/predict-metabolic-risk 200 in 244ms
 POST /api/predict-metabolic-risk 200 in 257ms
 POST /api/predict-metabolic-risk 200 in 36ms
 POST /api/predict-metabolic-risk 200 in 36ms
 ○ Compiling /dashboard ...
 ✓ Compiled /dashboard in 2.1s (3159 modules)
 GET /dashboard 200 in 2327ms
[?25h
