  ▲ Next.js 14.2.28
  - Local:        http://localhost:3000
  - Environments: .env
  - Experiments (use with caution):
    · outputFileTracingRoot

 ✓ Starting...
 ✓ Ready in 1330ms
 ○ Compiling / ...
 ✓ Compiled / in 2.4s (1678 modules)
 GET / 200 in 2657ms
 ✓ Compiled in 370ms (843 modules)
 GET / 200 in 38ms
 GET / 200 in 27ms
 GET / 200 in 27ms
 ✓ Compiled /api/patients in 211ms (868 modules)
 GET /api/patients 200 in 397ms
 GET /api/patients 200 in 20ms
 GET / 200 in 62ms
 GET / 200 in 31ms
 GET / 200 in 34ms
 GET / 200 in 31ms
 GET / 200 in 30ms
 GET / 200 in 29ms
 GET / 200 in 30ms
 GET / 200 in 28ms
 GET / 200 in 34ms
 GET / 200 in 28ms
 GET / 200 in 31ms
 GET / 200 in 28ms
[?25h
