  ▲ Next.js 14.2.28
  - Local:        http://localhost:3000
  - Environments: .env
  - Experiments (use with caution):
    · outputFileTracingRoot

 ✓ Starting...
 ✓ Ready in 1476ms
 ○ Compiling / ...
 ✓ Compiled / in 2.5s (1776 modules)
 GET / 200 in 2812ms
 ✓ Compiled in 420ms (889 modules)
 GET / 200 in 37ms
 ✓ Compiled /api/patients in 273ms (920 modules)
 GET /api/patients 200 in 473ms
 GET /api/patients 200 in 17ms
 GET / 200 in 60ms
 GET / 200 in 25ms
 GET / 200 in 30ms
 GET / 200 in 27ms
 GET / 200 in 28ms
 GET / 200 in 29ms
 ✓ Compiled in 559ms (1776 modules)
 ✓ Compiled in 434ms (1776 modules)
[?25h
