  ▲ Next.js 14.2.28
  - Local:        http://localhost:3000
  - Environments: .env
  - Experiments (use with caution):
    · outputFileTracingRoot

 ✓ Starting...
 ✓ Ready in 1385ms
 ○ Compiling / ...
 ✓ Compiled / in 2.7s (1678 modules)
 GET / 200 in 2989ms
 ✓ Compiled in 422ms (843 modules)
 GET / 200 in 38ms
 ✓ Compiled /api/patients in 216ms (868 modules)
 GET /api/patients 200 in 413ms
 GET /api/patients 200 in 21ms
 GET / 200 in 61ms
 GET / 200 in 27ms
 GET / 200 in 27ms
 GET / 200 in 31ms
 GET / 200 in 27ms
 GET / 200 in 27ms
 GET / 200 in 30ms
 GET / 200 in 26ms
 GET / 200 in 26ms
 GET / 200 in 26ms
 GET / 200 in 24ms
 GET / 200 in 27ms
[?25h
