Attention: Next.js now collects completely anonymous telemetry regarding usage.
This information is used to shape Next.js' roadmap and prioritize features.
You can learn more, including how to opt-out if you'd not like to participate in this anonymous program, by visiting the following URL:
https://nextjs.org/telemetry

  ▲ Next.js 14.2.28
  - Experiments (use with caution):
    · outputFileTracingRoot

   Creating an optimized production build ...
 ✓ Compiled successfully
   Skipping linting
   Checking validity of types ...
   Collecting page data ...
   Generating static pages (0/5) ...
   Generating static pages (1/5) 
   Generating static pages (2/5) 
   Generating static pages (3/5) 
 ✓ Generating static pages (5/5)
   Finalizing page optimization ...
   Collecting build traces ...

Route (app)                              Size     First Load JS
┌ ƒ /                                    44.8 kB         132 kB
├ ƒ /_not-found                          873 B          88.2 kB
├ ƒ /api/calculate-body-params           0 B                0 B
├ ƒ /api/patient/[id]                    0 B                0 B
├ ƒ /api/patients                        0 B                0 B
└ ƒ /api/predict-metabolic-risk          0 B                0 B
+ First Load JS shared by all            87.3 kB
  ├ chunks/117-b2dd0f5780a15e92.js       31.6 kB
  ├ chunks/fd9d1056-ac15680c15d8afe4.js  53.6 kB
  └ other shared chunks (total)          2.05 kB


ƒ  (Dynamic)  server-rendered on demand

Successfully built app artifact
