  ▲ Next.js 14.2.28
  - Local:        http://localhost:3000
  - Environments: .env
  - Experiments (use with caution):
    · outputFileTracingRoot

 ✓ Starting...
 ✓ Ready in 1408ms
 ○ Compiling / ...
 ✓ Compiled / in 2.3s (1678 modules)
 GET / 200 in 2572ms
 ✓ Compiled in 369ms (843 modules)
 GET / 200 in 39ms
 ✓ Compiled /api/patients in 237ms (868 modules)
 GET /api/patients 200 in 422ms
 GET /api/patients 200 in 20ms
 GET / 200 in 61ms
 GET / 200 in 30ms
 GET / 200 in 31ms
 GET / 200 in 31ms
 GET / 200 in 31ms
 GET / 200 in 27ms
 ✓ Compiled in 401ms (843 modules)
[?25h
