  ▲ Next.js 14.2.28
  - Local:        http://localhost:3000
  - Environments: .env
  - Experiments (use with caution):
    · outputFileTracingRoot

 ✓ Starting...
 ✓ Ready in 1341ms
 ○ Compiling / ...
 ✓ Compiled / in 2.2s (1678 modules)
 GET / 200 in 2487ms
 ✓ Compiled in 371ms (843 modules)
 GET / 200 in 37ms
 GET / 200 in 26ms
 GET / 200 in 28ms
 ✓ Compiled /api/patients in 215ms (868 modules)
 GET /api/patients 200 in 417ms
 GET /api/patients 200 in 18ms
 GET / 200 in 59ms
 GET / 200 in 27ms
 GET / 200 in 29ms
 GET / 200 in 29ms
 GET / 200 in 28ms
 GET / 200 in 29ms
 GET /api/patients 200 in 20ms
 GET /api/patients 200 in 19ms
 GET / 200 in 25ms
 GET / 200 in 26ms
 GET / 200 in 30ms
 GET / 200 in 25ms
 GET / 200 in 26ms
 GET / 200 in 27ms
 GET / 200 in 25ms
 GET / 200 in 24ms
 ✓ Compiled in 420ms (843 modules)
 ✓ Compiled in 321ms (843 modules)
 ✓ Compiled in 236ms (843 modules)
 ✓ Compiled in 288ms (843 modules)
 ✓ Compiled in 235ms (843 modules)
[?25h
