  ▲ Next.js 14.2.28
  - Local:        http://localhost:3000
  - Environments: .env
  - Experiments (use with caution):
    · outputFileTracingRoot

 ✓ Starting...
 ✓ Ready in 1259ms
 ○ Compiling / ...
 ✓ Compiled / in 2.4s (1742 modules)
 GET / 200 in 2714ms
 ✓ Compiled in 313ms (875 modules)
 GET / 200 in 31ms
 GET / 200 in 28ms
 GET / 200 in 28ms
 ✓ Compiled /api/patients in 223ms (900 modules)
 GET /api/patients 200 in 400ms
 GET /api/patients 200 in 19ms
 ✓ Compiled in 257ms (863 modules)
 ✓ Compiled /api/patients in 116ms (59 modules)
 GET /api/patients 200 in 185ms
[?25h
