  ▲ Next.js 14.2.28
  - Local:        http://localhost:3000
  - Environments: .env
  - Experiments (use with caution):
    · outputFileTracingRoot

 ✓ Starting...
 ✓ Ready in 1845ms
 ○ Compiling / ...
 ✓ Compiled / in 7.4s (1973 modules)
 GET / 200 in 7567ms
 ✓ Compiled in 483ms (984 modules)
 GET / 200 in 53ms
 ✓ Compiled /api/patients in 358ms (1015 modules)
 GET /api/patients 200 in 562ms
 GET /api/patients 200 in 24ms
 ✓ Compiled /api/predict-metabolic-risk in 176ms (1017 modules)
 POST /api/predict-metabolic-risk 200 in 233ms
 POST /api/predict-metabolic-risk 200 in 244ms
 POST /api/predict-metabolic-risk 200 in 68ms
 POST /api/predict-metabolic-risk 200 in 69ms
 ○ Compiling /dashboard ...
 ✓ Compiled /dashboard in 3.2s (3159 modules)
 GET /dashboard 200 in 3556ms
[?25h
