  ▲ Next.js 14.2.28
  - Local:        http://localhost:3000
  - Environments: .env
  - Experiments (use with caution):
    · outputFileTracingRoot

 ✓ Starting...
 ✓ Ready in 1318ms
 ○ Compiling / ...
 ✓ Compiled / in 2.7s (1776 modules)
 GET / 200 in 2963ms
 ✓ Compiled in 291ms (889 modules)
 GET / 200 in 29ms
 GET / 200 in 24ms
 ✓ Compiled /api/patients in 211ms (920 modules)
 GET /api/patients 200 in 384ms
 GET /api/patients 200 in 15ms
 GET / 200 in 55ms
 GET / 200 in 22ms
 GET / 200 in 25ms
 GET / 200 in 23ms
 GET / 200 in 24ms
 GET / 200 in 23ms
 GET / 200 in 24ms
 GET / 200 in 22ms
 GET / 200 in 24ms
 GET / 200 in 24ms
 GET / 200 in 22ms
 GET / 200 in 21ms
 GET / 200 in 39ms
 GET / 200 in 21ms
 GET / 200 in 22ms
 GET / 200 in 24ms
 GET / 200 in 21ms
 GET / 200 in 23ms
 GET / 200 in 22ms
 GET / 200 in 24ms
 GET / 200 in 22ms
 GET / 200 in 22ms
 GET / 200 in 20ms
 GET / 200 in 38ms
 GET / 200 in 21ms
 GET / 200 in 20ms
 GET / 200 in 21ms
 GET / 200 in 24ms
 GET / 200 in 21ms
 GET / 200 in 21ms
 GET / 200 in 21ms
 GET / 200 in 24ms
 GET / 200 in 26ms
 GET / 200 in 20ms
 GET / 200 in 22ms
 GET / 200 in 23ms
 GET / 200 in 20ms
 GET / 200 in 20ms
 GET / 200 in 20ms
 GET / 200 in 21ms
 GET / 200 in 20ms
 GET / 200 in 25ms
 GET / 200 in 22ms
 GET / 200 in 23ms
 GET / 200 in 22ms
 GET / 200 in 20ms
 GET / 200 in 18ms
 GET / 200 in 21ms
 GET / 200 in 23ms
 GET / 200 in 21ms
 GET / 200 in 30ms
