  ▲ Next.js 14.2.28
  - Local:        http://localhost:3000
  - Environments: .env
  - Experiments (use with caution):
    · outputFileTracingRoot

 ✓ Starting...
 ✓ Ready in 1259ms
 ○ Compiling / ...
 ✓ Compiled / in 2.8s (1966 modules)
 GET / 200 in 3161ms
 ✓ Compiled in 470ms (984 modules)
 GET / 200 in 36ms
 GET / 200 in 26ms
 GET / 200 in 29ms
 ✓ Compiled /api/patients in 267ms (1015 modules)
 GET /api/patients 200 in 457ms
 GET /api/patients 200 in 19ms
 ✓ Compiled /api/predict-metabolic-risk in 129ms (1017 modules)
 POST /api/predict-metabolic-risk 200 in 181ms
 POST /api/predict-metabolic-risk 200 in 93ms
 GET / 200 in 72ms
 GET / 200 in 33ms
[?25h
