  ▲ Next.js 14.2.28
  - Local:        http://localhost:3000
  - Environments: .env
  - Experiments (use with caution):
    · outputFileTracingRoot

 ✓ Starting...
 ✓ Ready in 1333ms
 ○ Compiling / ...
 ✓ Compiled / in 5.7s (1749 modules)
 GET / 200 in 6062ms
 ✓ Compiled in 424ms (875 modules)
 GET / 200 in 44ms
 GET / 200 in 69ms
 GET / 200 in 38ms
 ✓ Compiled /api/patients in 269ms (900 modules)
 GET /api/patients 200 in 452ms
 GET /api/patients 200 in 23ms
 GET / 200 in 62ms
 GET / 200 in 25ms
 GET / 200 in 34ms
 GET / 200 in 28ms
 GET / 200 in 27ms
 GET / 200 in 27ms
 GET / 200 in 27ms
 GET / 200 in 28ms
 GET / 200 in 30ms
 GET / 200 in 26ms
 GET / 200 in 25ms
 GET / 200 in 26ms
 GET / 200 in 27ms
 GET / 200 in 24ms
 GET / 200 in 26ms
 GET / 200 in 27ms
 GET / 200 in 32ms
 GET / 200 in 27ms
 GET / 200 in 28ms
 GET / 200 in 26ms
 GET / 200 in 24ms
 GET / 200 in 26ms
 GET / 200 in 25ms
 GET / 200 in 25ms
 GET / 200 in 24ms
 GET / 200 in 28ms
 GET / 200 in 24ms
 GET / 200 in 29ms
 GET / 200 in 26ms
 GET / 200 in 30ms
 GET / 200 in 29ms
 GET / 200 in 26ms
