  ▲ Next.js 14.2.28
  - Local:        http://localhost:3000
  - Environments: .env
  - Experiments (use with caution):
    · outputFileTracingRoot

 ✓ Starting...
 ✓ Ready in 1404ms
 ○ Compiling / ...
 ✓ Compiled / in 2.2s (1678 modules)
 GET / 200 in 2516ms
 ✓ Compiled in 388ms (843 modules)
 GET / 200 in 38ms
 ✓ Compiled /api/patients in 238ms (868 modules)
 GET /api/patients 200 in 424ms
 GET /api/patients 200 in 22ms
 GET / 200 in 59ms
 GET / 200 in 29ms
 GET / 200 in 29ms
 GET / 200 in 25ms
 GET / 200 in 30ms
 GET / 200 in 28ms
 GET / 200 in 27ms
 GET / 200 in 27ms
 GET / 200 in 27ms
 GET / 200 in 26ms
 GET / 200 in 30ms
 GET / 200 in 24ms
 GET / 200 in 27ms
 GET / 200 in 25ms
 GET / 200 in 25ms
 GET / 200 in 27ms
 GET / 200 in 25ms
 GET / 200 in 26ms
 GET / 200 in 27ms
 GET / 200 in 24ms
 GET / 200 in 26ms
 GET / 200 in 27ms
 GET / 200 in 30ms
 GET / 200 in 26ms
 GET / 200 in 26ms
 GET / 200 in 25ms
 GET / 200 in 28ms
 GET / 200 in 26ms
 GET / 200 in 27ms
 GET / 200 in 26ms
 GET / 200 in 25ms
 GET / 200 in 28ms
 GET / 200 in 26ms
 GET / 200 in 25ms
 GET / 200 in 28ms
 GET / 200 in 26ms
