  ▲ Next.js 14.2.28
  - Local:        http://localhost:3000
  - Environments: .env
  - Experiments (use with caution):
    · outputFileTracingRoot

 ✓ Starting...
 ✓ Ready in 1427ms
 ○ Compiling / ...
 ✓ Compiled / in 2.3s (1776 modules)
 GET / 200 in 2644ms
 ✓ Compiled in 419ms (889 modules)
 GET / 200 in 36ms
 ✓ Compiled /api/patients in 229ms (920 modules)
 GET /api/patients 200 in 402ms
 GET /api/patients 200 in 19ms
 GET / 200 in 69ms
 GET / 200 in 27ms
 GET / 200 in 28ms
 GET / 200 in 31ms
 GET / 200 in 30ms
 GET / 200 in 30ms
 GET / 200 in 27ms
 GET / 200 in 26ms
 GET / 200 in 30ms
 GET / 200 in 29ms
 GET / 200 in 25ms
 GET / 200 in 26ms
 GET / 200 in 29ms
 GET / 200 in 25ms
 GET / 200 in 25ms
 GET / 200 in 24ms
 GET / 200 in 27ms
 GET / 200 in 25ms
 GET / 200 in 25ms
 GET / 200 in 27ms
 GET / 200 in 25ms
 GET / 200 in 23ms
 GET / 200 in 25ms
 GET / 200 in 29ms
 GET / 200 in 28ms
 GET / 200 in 23ms
 GET / 200 in 27ms
 GET / 200 in 27ms
 GET / 200 in 24ms
