  ▲ Next.js 14.2.28
  - Local:        http://localhost:3000
  - Environments: .env
  - Experiments (use with caution):
    · outputFileTracingRoot

 ✓ Starting...
 ✓ Ready in 1263ms
 ○ Compiling / ...
 ✓ Compiled / in 2.6s (1966 modules)
 GET / 200 in 3067ms
 ✓ Compiled in 476ms (984 modules)
 GET / 200 in 45ms
 GET / 200 in 28ms
 GET / 200 in 26ms
 ✓ Compiled /api/patients in 271ms (1015 modules)
 GET /api/patients 200 in 467ms
 GET /api/patients 200 in 32ms
 ✓ Compiled /api/predict-metabolic-risk in 158ms (1017 modules)
 POST /api/predict-metabolic-risk 200 in 82ms
 POST /api/predict-metabolic-risk 200 in 223ms
 GET / 200 in 71ms
 GET / 200 in 30ms
 GET / 200 in 55ms
 GET / 200 in 28ms
 GET / 200 in 25ms
 GET / 200 in 25ms
 GET / 200 in 32ms
 GET / 200 in 29ms
 GET / 200 in 26ms
 GET / 200 in 27ms
 GET / 200 in 23ms
 GET / 200 in 23ms
[?25h
