  ▲ Next.js 14.2.28
  - Local:        http://localhost:3000
  - Environments: .env
  - Experiments (use with caution):
    · outputFileTracingRoot

 ✓ Starting...
 ✓ Ready in 1335ms
 ○ Compiling / ...
 ✓ Compiled / in 2.7s (1742 modules)
 GET / 200 in 2985ms
 ✓ Compiled in 403ms (875 modules)
 GET / 200 in 29ms
 ✓ Compiled /api/patients in 259ms (900 modules)
 GET /api/patients 200 in 466ms
 GET /api/patients 200 in 18ms
 GET / 200 in 57ms
 GET / 200 in 22ms
 GET / 200 in 27ms
 GET / 200 in 25ms
 GET / 200 in 26ms
 GET / 200 in 22ms
 GET / 200 in 24ms
 GET / 200 in 24ms
 GET / 200 in 34ms
 GET / 200 in 20ms
 GET / 200 in 22ms
 GET / 200 in 21ms
 GET / 200 in 24ms
 GET / 200 in 20ms
 GET / 200 in 21ms
 GET / 200 in 24ms
 GET / 200 in 23ms
 GET / 200 in 26ms
 GET / 200 in 22ms
 GET / 200 in 21ms
 GET / 200 in 20ms
 GET / 200 in 21ms
 GET / 200 in 22ms
 GET / 200 in 20ms
 GET / 200 in 21ms
 GET / 200 in 21ms
[?25h
