  ▲ Next.js 14.2.28
  - Local:        http://localhost:3000
  - Environments: .env
  - Experiments (use with caution):
    · outputFileTracingRoot

 ✓ Starting...
 ✓ Ready in 1755ms
 ○ Compiling / ...
 ✓ Compiled / in 2.5s (1641 modules)
 GET / 200 in 2806ms
 ✓ Compiled in 421ms (825 modules)
 GET / 200 in 44ms
 GET / 200 in 29ms
 GET / 200 in 30ms
 ✓ Compiled /api/patients in 358ms (849 modules)
 GET /api/patients 200 in 550ms
 GET /api/patients 200 in 44ms
 GET / 200 in 64ms
 GET / 200 in 31ms
 GET / 200 in 36ms
 GET / 200 in 35ms
 GET / 200 in 30ms
 GET / 200 in 31ms
 GET / 200 in 30ms
 GET / 200 in 30ms
 GET / 200 in 30ms
 GET / 200 in 29ms
 GET / 200 in 28ms
 GET / 200 in 37ms
 GET / 200 in 30ms
 GET / 200 in 29ms
 GET / 200 in 33ms
 GET / 200 in 29ms
 GET / 200 in 31ms
 GET / 200 in 29ms
 GET / 200 in 28ms
 GET / 200 in 27ms
 GET / 200 in 34ms
 GET / 200 in 29ms
 GET / 200 in 28ms
 GET / 200 in 29ms
 GET / 200 in 28ms
 GET / 200 in 32ms
 GET / 200 in 28ms
 GET / 200 in 27ms
 GET / 200 in 28ms
 GET / 200 in 25ms
 GET / 200 in 26ms
 GET / 200 in 24ms
 GET / 200 in 25ms
 GET / 200 in 272ms
 GET / 200 in 28ms
 GET / 200 in 26ms
 GET / 200 in 25ms
 GET / 200 in 24ms
 GET / 200 in 24ms
 GET / 200 in 26ms
 GET / 200 in 25ms
 GET / 200 in 26ms
 GET / 200 in 24ms
 GET / 200 in 25ms
 GET / 200 in 23ms
 GET / 200 in 25ms
 GET / 200 in 25ms
 GET / 200 in 25ms
 GET / 200 in 25ms
 GET / 200 in 24ms
 GET / 200 in 23ms
