  ▲ Next.js 14.2.28
  - Local:        http://localhost:3000
  - Environments: .env
  - Experiments (use with caution):
    · outputFileTracingRoot

 ✓ Starting...
 ✓ Ready in 1325ms
 ○ Compiling / ...
 ✓ Compiled / in 2.2s (1678 modules)
 GET / 200 in 2524ms
 ✓ Compiled in 364ms (843 modules)
 GET / 200 in 36ms
 ✓ Compiled /api/patients in 243ms (868 modules)
 GET /api/patients 200 in 428ms
 GET /api/patients 200 in 21ms
 GET / 200 in 58ms
 GET / 200 in 25ms
 GET / 200 in 32ms
 GET / 200 in 30ms
 GET / 200 in 27ms
 GET / 200 in 32ms
 GET / 200 in 26ms
 GET / 200 in 28ms
 GET / 200 in 28ms
 GET / 200 in 24ms
 GET / 200 in 27ms
 GET / 200 in 26ms
 GET / 200 in 28ms
 GET / 200 in 25ms
 GET / 200 in 26ms
 GET / 200 in 25ms
 GET / 200 in 27ms
 GET / 200 in 28ms
[?25h
