  ▲ Next.js 14.2.28
  - Local:        http://localhost:3000
  - Environments: .env
  - Experiments (use with caution):
    · outputFileTracingRoot

 ✓ Starting...
 ✓ Ready in 1386ms
 ○ Compiling / ...
 ✓ Compiled / in 2.2s (1678 modules)
 GET / 200 in 2485ms
 ✓ Compiled in 396ms (843 modules)
 GET / 200 in 47ms
 ✓ Compiled /api/patients in 203ms (868 modules)
 GET /api/patients 200 in 375ms
 GET /api/patients 200 in 21ms
 GET / 200 in 57ms
 GET / 200 in 28ms
 GET / 200 in 28ms
 GET / 200 in 27ms
 GET / 200 in 29ms
 GET / 200 in 28ms
 GET / 200 in 26ms
 GET / 200 in 27ms
 GET / 200 in 29ms
 GET / 200 in 32ms
 GET / 200 in 27ms
 GET / 200 in 24ms
 GET / 200 in 27ms
[?25h
