  ▲ Next.js 14.2.28
  - Local:        http://localhost:3000
  - Environments: .env
  - Experiments (use with caution):
    · outputFileTracingRoot

 ✓ Starting...
 ✓ Ready in 1276ms
 ○ Compiling / ...
 ✓ Compiled / in 2.2s (1742 modules)
 GET / 200 in 2472ms
 ✓ Compiled in 381ms (875 modules)
 GET / 200 in 36ms
 GET / 200 in 24ms
 GET / 200 in 26ms
 ✓ Compiled /api/patients in 210ms (900 modules)
 GET /api/patients 200 in 394ms
 GET /api/patients 200 in 18ms
 GET / 200 in 56ms
 GET / 200 in 27ms
 GET / 200 in 30ms
 GET / 200 in 27ms
 GET / 200 in 29ms
 GET / 200 in 31ms
 GET / 200 in 27ms
 GET / 200 in 36ms
 GET / 200 in 40ms
 GET / 200 in 32ms
 GET / 200 in 32ms
 GET / 200 in 30ms
 GET /api/patients 200 in 35ms
 GET /api/patients 200 in 18ms
 GET / 200 in 26ms
 GET / 200 in 27ms
 GET /api/patients 200 in 20ms
 GET /api/patients 200 in 20ms
 GET / 200 in 26ms
 GET / 200 in 27ms
[?25h
