  ▲ Next.js 14.2.28
  - Local:        http://localhost:3000
  - Environments: .env
  - Experiments (use with caution):
    · outputFileTracingRoot

 ✓ Starting...
 ✓ Ready in 2.1s
 ○ Compiling / ...
 ✓ Compiled / in 6.2s (1973 modules)
 GET / 200 in 6588ms
 ✓ Compiled in 509ms (984 modules)
 GET / 200 in 64ms
 GET / 200 in 26ms
 GET / 200 in 42ms
 ✓ Compiled /api/patients in 378ms (1015 modules)
 GET /api/patients 200 in 589ms
 GET /api/patients 200 in 80ms
 ✓ Compiled /api/predict-metabolic-risk in 235ms (1017 modules)
 POST /api/predict-metabolic-risk 200 in 319ms
 POST /api/predict-metabolic-risk 200 in 331ms
 GET / 200 in 71ms
 GET / 200 in 34ms
 GET / 200 in 41ms
 GET / 200 in 26ms
 GET / 200 in 33ms
 GET / 200 in 32ms
 GET / 200 in 32ms
 GET / 200 in 29ms
 GET / 200 in 29ms
 GET / 200 in 38ms
 GET / 200 in 28ms
 GET / 200 in 59ms
 GET / 200 in 33ms
 GET / 200 in 28ms
 GET / 200 in 36ms
 GET / 200 in 68ms
 GET / 200 in 42ms
[?25h
