  ▲ Next.js 14.2.28
  - Local:        http://localhost:3000
  - Environments: .env
  - Experiments (use with caution):
    · outputFileTracingRoot

 ✓ Starting...
 ✓ Ready in 1332ms
 ○ Compiling / ...
 ✓ Compiled / in 2.2s (1678 modules)
 GET / 200 in 2468ms
 ✓ Compiled in 373ms (843 modules)
 GET / 200 in 35ms
 GET / 200 in 27ms
 GET / 200 in 28ms
 ✓ Compiled /api/patients in 212ms (868 modules)
 GET /api/patients 200 in 398ms
 GET /api/patients 200 in 19ms
 GET / 200 in 55ms
 GET / 200 in 27ms
 GET / 200 in 31ms
 GET / 200 in 26ms
 GET / 200 in 28ms
 GET / 200 in 27ms
 GET / 200 in 27ms
 GET / 200 in 27ms
 GET / 200 in 28ms
 GET / 200 in 27ms
 GET / 200 in 27ms
 GET / 200 in 26ms
 ✓ Compiled in 379ms (843 modules)
 ✓ Compiled in 298ms (843 modules)
 ✓ Compiled in 248ms (843 modules)
[?25h
