  ▲ Next.js 14.2.28
  - Environments: .env
  - Experiments (use with caution):
    · outputFileTracingRoot

   Creating an optimized production build ...
 ✓ Compiled successfully
   Skipping linting
   Checking validity of types ...
   Collecting page data ...
   Generating static pages (0/5) ...
   Generating static pages (1/5) 
   Generating static pages (2/5) 
   Generating static pages (3/5) 
 ✓ Generating static pages (5/5)
   Finalizing page optimization ...
   Collecting build traces ...

Route (app)                              Size     First Load JS
┌ ƒ /                                    44.8 kB         132 kB
├ ƒ /_not-found                          872 B          88.2 kB
├ ƒ /api/calculate-body-params           0 B                0 B
├ ƒ /api/patient/[id]                    0 B                0 B
├ ƒ /api/patients                        0 B                0 B
└ ƒ /api/predict-metabolic-risk          0 B                0 B
+ First Load JS shared by all            87.3 kB
  ├ chunks/156-225fb962ab481b1f.js       31.7 kB
  ├ chunks/ceb5afef-49685d9b9a52a8dc.js  53.6 kB
  └ other shared chunks (total)          2.06 kB


ƒ  (Dynamic)  server-rendered on demand

exit_code=0
