  ▲ Next.js 14.2.28
  - Local:        http://localhost:3000
  - Environments: .env
  - Experiments (use with caution):
    · outputFileTracingRoot

 ✓ Starting...
 ✓ Ready in 1249ms
 ○ Compiling / ...
 ✓ Compiled / in 2.7s (1966 modules)
 GET / 200 in 3090ms
 ✓ Compiled in 460ms (984 modules)
 GET / 200 in 34ms
 GET / 200 in 26ms
 GET / 200 in 33ms
 ✓ Compiled /api/patients in 337ms (1015 modules)
 GET /api/patients 200 in 549ms
 GET /api/patients 200 in 26ms
 ✓ Compiled /api/predict-metabolic-risk in 162ms (1017 modules)
 POST /api/predict-metabolic-risk 200 in 213ms
 POST /api/predict-metabolic-risk 200 in 228ms
 GET / 200 in 65ms
 GET / 200 in 28ms
 GET / 200 in 31ms
[?25h
