  ▲ Next.js 14.2.28
  - Environments: .env
  - Experiments (use with caution):
    · outputFileTracingRoot

   Creating an optimized production build ...
 ✓ Compiled successfully
   Skipping linting
   Checking validity of types ...
   Collecting page data ...
   Generating static pages (0/4) ...
   Generating static pages (1/4) 
   Generating static pages (2/4) 
   Generating static pages (3/4) 
 ✓ Generating static pages (4/4)
   Finalizing page optimization ...
   Collecting build traces ...

Route (app)                              Size     First Load JS
┌ ƒ /                                    5.48 kB        92.8 kB
├ ƒ /_not-found                          872 B          88.2 kB
├ ƒ /api/calculate-body-params           0 B                0 B
├ ƒ /api/patient/[id]                    0 B                0 B
└ ƒ /api/patients                        0 B                0 B
+ First Load JS shared by all            87.3 kB
  ├ chunks/156-726125c78ad82779.js       31.7 kB
  ├ chunks/ceb5afef-1e3b44decca4708d.js  53.6 kB
  └ other shared chunks (total)          2.06 kB


ƒ  (Dynamic)  server-rendered on demand

exit_code=0
