➤ YN0000: · Yarn 4.12.0
➤ YN0000: ┌ Resolution step
➤ YN0085: │ + @react-three/drei@npm:9.92.7, @react-three/fiber@npm:8.15.12, @types/three@npm:0.160.0, three@npm:0.160.0, @dimforge/rapier3d-compat@npm:0.12.0, and 55 more.
➤ YN0085: │ - @azure/abort-controller@npm:2.1.2, @azure/core-auth@npm:1.10.1, @azure/core-client@npm:1.10.1, @azure/core-http-compat@npm:2.3.1, and 11 more.
➤ YN0000: └ Completed in 0s 635ms
➤ YN0000: ┌ Post-resolution validation
➤ YN0060: │ @typescript-eslint/parser is listed by your project with version 7.0.0 (p6cb6c0), which doesn't satisfy what @typescript-eslint/eslint-plugin requests (^6.0.0-alpha).
➤ YN0060: │ eslint is listed by your project with version 9.24.0 (pe6e000), which doesn't satisfy what @typescript-eslint/eslint-plugin and other dependencies request (^8.57.0).
➤ YN0002: │ app@workspace:. doesn't provide prettier (pd88b5f), requested by eslint-plugin-prettier.
➤ YN0086: │ Some peer dependencies are incorrectly met by your project; run yarn explain peer-requirements <hash> for details, where <hash> is the six-letter p-prefixed code.
➤ YN0086: │ Some peer dependencies are incorrectly met by dependencies; run yarn explain peer-requirements for details.
➤ YN0000: └ Completed
➤ YN0000: ┌ Fetch step
➤ YN0013: │ 59 packages were added to the project (+ 123.82 MiB).
➤ YN0000: └ Completed in 1s 807ms
➤ YN0000: ┌ Link step
➤ YN0000: └ Completed in 1s 612ms
➤ YN0000: · Done with warnings in 4s 222ms
Environment variables loaded from .env
Prisma schema loaded from prisma/schema.prisma

✔ Generated Prisma Client (v6.7.0) to ./node_modules/.prisma/client in 82ms

Start by importing your Prisma Client (See: https://pris.ly/d/importing-client)

Tip: Want to turn off tips and other hints? https://pris.ly/tip-4-nohints

Starting server...
  ▲ Next.js 14.2.28
  - Local:        http://localhost:3000
  - Environments: .env
  - Experiments (use with caution):
    · outputFileTracingRoot

 ✓ Starting...
 ✓ Ready in 1529ms
 ○ Compiling / ...
 ✓ Compiled / in 2.7s (1742 modules)
 HEAD / 200 in 2979ms
 ✓ Compiled in 420ms (875 modules)
 GET / 200 in 44ms
 ✓ Compiled /api/patients in 304ms (900 modules)
 GET /api/patients 200 in 515ms
 GET /api/patients 200 in 22ms
 GET / 200 in 65ms
 GET / 200 in 36ms
 GET / 200 in 34ms
 GET / 200 in 38ms
 GET / 200 in 32ms
 GET / 200 in 33ms
 GET / 200 in 36ms
 GET / 200 in 33ms
 GET / 200 in 34ms
 GET /api/patients 200 in 36ms
 GET /api/patients 200 in 22ms
 GET / 200 in 43ms
 GET / 200 in 32ms
 GET / 200 in 34ms
 GET / 200 in 34ms
 GET / 200 in 29ms
 GET / 200 in 32ms
 GET / 200 in 36ms
 GET / 200 in 52ms
 GET / 200 in 33ms
 GET / 200 in 31ms
 GET / 200 in 30ms
 GET / 200 in 31ms
 GET / 200 in 26ms
 GET / 200 in 28ms
 GET / 200 in 27ms
 GET / 200 in 24ms
 GET / 200 in 26ms
 GET / 200 in 23ms
 GET / 200 in 25ms
 GET / 200 in 25ms
 GET / 200 in 22ms
 GET / 200 in 24ms
 GET / 200 in 25ms
 GET / 200 in 24ms
 GET /api/patients 200 in 34ms
 GET /api/patients 200 in 19ms
 GET / 200 in 23ms
 GET / 200 in 25ms
 GET / 200 in 23ms
 GET / 200 in 27ms
 GET / 200 in 26ms
 GET / 200 in 24ms
 GET / 200 in 28ms
 GET / 200 in 28ms
 GET / 200 in 24ms
 GET / 200 in 28ms
 GET / 200 in 23ms
 GET / 200 in 28ms
 GET / 200 in 23ms
 GET / 200 in 27ms
 GET / 200 in 25ms
 GET / 200 in 24ms
