➤ YN0000: · Yarn 4.12.0
➤ YN0000: ┌ Resolution step
➤ YN0085: │ + @react-three/drei@npm:9.92.7, @react-three/fiber@npm:8.15.12, @types/three@npm:0.160.0, three-stdlib@npm:2.36.1, three@npm:0.160.0, and 55 more.
➤ YN0085: │ - @azure/abort-controller@npm:2.1.2, @azure/core-auth@npm:1.10.1, @azure/core-client@npm:1.10.1, @azure/core-http-compat@npm:2.3.1, and 11 more.
➤ YN0000: └ Completed in 0s 567ms
➤ YN0000: ┌ Post-resolution validation
➤ YN0060: │ @typescript-eslint/parser is listed by your project with version 7.0.0 (p6cb6c0), which doesn't satisfy what @typescript-eslint/eslint-plugin requests (^6.0.0-alpha).
➤ YN0060: │ eslint is listed by your project with version 9.24.0 (pe6e000), which doesn't satisfy what @typescript-eslint/eslint-plugin and other dependencies request (^8.57.0).
➤ YN0002: │ app@workspace:. doesn't provide prettier (pd88b5f), requested by eslint-plugin-prettier.
➤ YN0086: │ Some peer dependencies are incorrectly met by your project; run yarn explain peer-requirements <hash> for details, where <hash> is the six-letter p-prefixed code.
➤ YN0086: │ Some peer dependencies are incorrectly met by dependencies; run yarn explain peer-requirements for details.
➤ YN0000: └ Completed
➤ YN0000: ┌ Fetch step
➤ YN0013: │ 59 packages were added to the project (+ 123.82 MiB).
➤ YN0000: └ Completed in 1s 757ms
➤ YN0000: ┌ Link step
➤ YN0000: └ Completed in 1s 543ms
➤ YN0000: · Done with warnings in 4s 34ms
Environment variables loaded from .env
Prisma schema loaded from prisma/schema.prisma

✔ Generated Prisma Client (v6.7.0) to ./node_modules/.prisma/client in 77ms

Start by importing your Prisma Client (See: https://pris.ly/d/importing-client)

Tip: Need your database queries to be 1000x faster? Accelerate offers you that and more: https://pris.ly/tip-2-accelerate

Starting server...
  ▲ Next.js 14.2.28
  - Local:        http://localhost:3000
  - Environments: .env
  - Experiments (use with caution):
    · outputFileTracingRoot

 ✓ Starting...
 ✓ Ready in 1451ms
 ✓ Compiled /api/patients in 326ms (59 modules)
 GET /api/patients 200 in 534ms
[?25h
