  ▲ Next.js 14.2.28
  - Local:        http://localhost:3000
  - Environments: .env
  - Experiments (use with caution):
    · outputFileTracingRoot

 ✓ Starting...
 ✓ Ready in 1279ms
 ○ Compiling / ...
 ✓ Compiled / in 2.3s (1742 modules)
 GET / 200 in 2660ms
 ✓ Compiled in 395ms (875 modules)
 GET / 200 in 37ms
 GET / 200 in 30ms
 ✓ Compiled /api/patients in 205ms (900 modules)
 GET /api/patients 200 in 389ms
 GET /api/patients 200 in 21ms
 GET / 200 in 65ms
 GET / 200 in 30ms
 GET / 200 in 31ms
 GET / 200 in 33ms
 GET / 200 in 32ms
 GET / 200 in 28ms
 GET / 200 in 28ms
 GET / 200 in 32ms
 GET / 200 in 27ms
 GET / 200 in 30ms
 GET / 200 in 27ms
 GET / 200 in 27ms
 GET / 200 in 32ms
 GET / 200 in 27ms
 GET / 200 in 28ms
 GET / 200 in 27ms
 GET / 200 in 27ms
 GET / 200 in 32ms
 GET / 200 in 28ms
 GET / 200 in 30ms
 GET / 200 in 28ms
 GET / 200 in 28ms
 GET / 200 in 33ms
 GET / 200 in 28ms
 GET / 200 in 31ms
 GET / 200 in 30ms
 GET / 200 in 28ms
 GET / 200 in 32ms
 GET / 200 in 29ms
 GET / 200 in 28ms
 GET / 200 in 27ms
 GET / 200 in 31ms
 GET / 200 in 25ms
 GET / 200 in 23ms
 GET / 200 in 24ms
 GET / 200 in 28ms
 GET / 200 in 28ms
 GET / 200 in 31ms
 GET / 200 in 25ms
 GET / 200 in 25ms
 GET / 200 in 24ms
 GET / 200 in 24ms
 GET / 200 in 23ms
 GET / 200 in 28ms
 GET / 200 in 22ms
 GET / 200 in 27ms
 GET / 200 in 23ms
 GET / 200 in 24ms
 GET / 200 in 24ms
 GET / 200 in 24ms
