  ▲ Next.js 14.2.28
  - Local:        http://localhost:3000
  - Environments: .env
  - Experiments (use with caution):
    · outputFileTracingRoot

 ✓ Starting...
 ✓ Ready in 1509ms
 ○ Compiling / ...
 ✓ Compiled / in 2.9s (1966 modules)
 GET / 200 in 3324ms
 ✓ Compiled in 482ms (984 modules)
 GET / 200 in 45ms
 ✓ Compiled /api/patients in 258ms (1015 modules)
 GET /api/patients 200 in 440ms
 GET /api/patients 200 in 27ms
 ✓ Compiled /api/predict-metabolic-risk in 175ms (1017 modules)
 POST /api/predict-metabolic-risk 200 in 235ms
 POST /api/predict-metabolic-risk 200 in 240ms
 GET / 200 in 79ms
 GET / 200 in 35ms
 GET / 200 in 38ms
 GET / 200 in 42ms
 GET / 200 in 31ms
 GET / 200 in 36ms
 GET / 200 in 33ms
 GET / 200 in 30ms
 GET /api/patients 200 in 45ms
 GET /api/patients 200 in 23ms
 POST /api/predict-metabolic-risk 200 in 30ms
 POST /api/predict-metabolic-risk 200 in 23ms
[?25h
