  ▲ Next.js 14.2.28
  - Local:        http://localhost:3000
  - Environments: .env
  - Experiments (use with caution):
    · outputFileTracingRoot

 ✓ Starting...
 ✓ Ready in 1297ms
 ○ Compiling / ...
 ✓ Compiled / in 2.8s (1966 modules)
 GET / 200 in 3183ms
 ✓ Compiled in 459ms (984 modules)
 GET / 200 in 36ms
 ✓ Compiled /api/patients in 239ms (1015 modules)
 GET /api/patients 200 in 428ms
 GET /api/patients 200 in 18ms
 ✓ Compiled /api/predict-metabolic-risk in 129ms (1017 modules)
 POST /api/predict-metabolic-risk 200 in 156ms
 POST /api/predict-metabolic-risk 200 in 183ms
 GET / 200 in 64ms
 GET / 200 in 28ms
 GET / 200 in 36ms
[?25h
