  ▲ Next.js 14.2.28
  - Local:        http://localhost:3000
  - Environments: .env
  - Experiments (use with caution):
    · outputFileTracingRoot

 ✓ Starting...
 ✓ Ready in 1337ms
 ○ Compiling / ...
 ✓ Compiled / in 2.2s (1678 modules)
 GET / 200 in 2521ms
 ✓ Compiled in 385ms (843 modules)
 GET / 200 in 36ms
 GET / 200 in 26ms
 GET / 200 in 28ms
 ✓ Compiled /api/patients in 209ms (868 modules)
 GET /api/patients 200 in 392ms
 GET /api/patients 200 in 19ms
 GET / 200 in 56ms
 GET / 200 in 25ms
 GET / 200 in 27ms
 GET / 200 in 31ms
 GET / 200 in 26ms
 GET / 200 in 25ms
 GET / 200 in 26ms
 GET / 200 in 30ms
 GET / 200 in 27ms
 GET / 200 in 26ms
 GET / 200 in 26ms
 GET / 200 in 25ms
 GET / 200 in 26ms
 GET / 200 in 27ms
 GET / 200 in 24ms
 GET / 200 in 24ms
 GET / 200 in 23ms
 GET / 200 in 24ms
 GET / 200 in 25ms
 GET / 200 in 25ms
 GET / 200 in 23ms
 GET / 200 in 25ms
 GET / 200 in 25ms
 GET / 200 in 25ms
 GET / 200 in 24ms
 GET / 200 in 25ms
 GET / 200 in 22ms
 GET / 200 in 24ms
 GET / 200 in 25ms
 GET / 200 in 24ms
 GET / 200 in 26ms
 GET / 200 in 24ms
 GET / 200 in 25ms
 GET / 200 in 26ms
 GET / 200 in 28ms
 GET / 200 in 24ms
 GET / 200 in 25ms
 GET / 200 in 24ms
 GET / 200 in 25ms
 GET / 200 in 28ms
 GET / 200 in 27ms
 GET / 200 in 25ms
 GET / 200 in 26ms
 GET / 200 in 23ms
 GET / 200 in 24ms
 GET / 200 in 25ms
 GET / 200 in 24ms
 GET / 200 in 23ms
 GET / 200 in 27ms
 GET / 200 in 25ms
 GET / 200 in 27ms
