  ▲ Next.js 14.2.28
  - Local:        http://localhost:3000
  - Environments: .env
  - Experiments (use with caution):
    · outputFileTracingRoot

 ✓ Starting...
 ✓ Ready in 1435ms
 ○ Compiling / ...
 ✓ Compiled / in 2.4s (1776 modules)
 GET / 200 in 2711ms
 ✓ Compiled in 425ms (889 modules)
 GET / 200 in 36ms
 ✓ Compiled /api/patients in 212ms (920 modules)
 GET /api/patients 200 in 385ms
 GET /api/patients 200 in 19ms
 GET / 200 in 61ms
 GET / 200 in 26ms
 GET / 200 in 41ms
 GET / 200 in 26ms
 GET / 200 in 34ms
 GET / 200 in 26ms
 GET / 200 in 28ms
 GET / 200 in 29ms
 GET / 200 in 28ms
 GET / 200 in 32ms
 GET / 200 in 29ms
 GET / 200 in 28ms
 ✓ Compiled in 528ms (1776 modules)
[?25h
