  ▲ Next.js 14.2.28
  - Local:        http://localhost:3000
  - Environments: .env
  - Experiments (use with caution):
    · outputFileTracingRoot

 ✓ Starting...
 ✓ Ready in 1281ms
 ○ Compiling / ...
 ✓ Compiled / in 6.1s (1821 modules)
 GET / 200 in 6487ms
 ✓ Compiled in 520ms (908 modules)
 GET / 200 in 73ms
 ✓ Compiled /api/patients in 277ms (939 modules)
 GET /api/patients 200 in 460ms
 GET /api/patients 200 in 23ms
 ✓ Compiled /api/predict-metabolic-risk in 151ms (941 modules)
 POST /api/predict-metabolic-risk 200 in 194ms
 POST /api/predict-metabolic-risk 200 in 217ms
 GET / 200 in 72ms
 GET / 200 in 30ms
 GET / 200 in 41ms
 GET / 200 in 33ms
 GET / 200 in 33ms
 GET / 200 in 41ms
 GET / 200 in 35ms
 GET / 200 in 30ms
 GET / 200 in 33ms
 GET / 200 in 34ms
 GET / 200 in 28ms
 GET / 200 in 31ms
 GET / 200 in 31ms
 GET / 200 in 42ms
 GET / 200 in 35ms
 GET / 200 in 30ms
 GET / 200 in 32ms
 GET / 200 in 31ms
 GET / 200 in 30ms
 GET / 200 in 28ms
 GET /api/patients 200 in 50ms
 GET /api/patients 200 in 26ms
 POST /api/predict-metabolic-risk 200 in 27ms
 POST /api/predict-metabolic-risk 200 in 56ms
 ✓ Compiled in 813ms (908 modules)
 ✓ Compiled in 491ms (908 modules)
 ✓ Compiled in 701ms (962 modules)
 ✓ Compiled in 616ms (984 modules)
[?25h
