  ▲ Next.js 14.2.28
  - Local:        http://localhost:3000
  - Environments: .env
  - Experiments (use with caution):
    · outputFileTracingRoot

 ✓ Starting...
 ✓ Ready in 1234ms
 ○ Compiling / ...
 ✓ Compiled / in 2.6s (1966 modules)
 GET / 200 in 2953ms
 ✓ Compiled in 462ms (984 modules)
 GET / 200 in 38ms
 GET / 200 in 27ms
 ✓ Compiled /api/patients in 233ms (1015 modules)
 GET /api/patients 200 in 427ms
 GET /api/patients 200 in 20ms
 ✓ Compiled /api/predict-metabolic-risk in 123ms (1017 modules)
 POST /api/predict-metabolic-risk 200 in 169ms
 POST /api/predict-metabolic-risk 200 in 92ms
 GET / 200 in 66ms
 GET / 200 in 26ms
 GET / 200 in 36ms
 GET / 200 in 27ms
 GET / 200 in 27ms
 GET / 200 in 32ms
 GET / 200 in 27ms
 GET / 200 in 28ms
 GET / 200 in 30ms
 GET / 200 in 31ms
 GET / 200 in 27ms
 GET / 200 in 29ms
 GET / 200 in 30ms
 GET / 200 in 28ms
 GET / 200 in 29ms
 GET / 200 in 29ms
 GET / 200 in 28ms
 GET / 200 in 27ms
 GET / 200 in 28ms
 GET / 200 in 27ms
 GET / 200 in 26ms
 GET / 200 in 25ms
