  ▲ Next.js 14.2.28
  - Local:        http://localhost:3000
  - Environments: .env
  - Experiments (use with caution):
    · outputFileTracingRoot

 ✓ Starting...
 ✓ Ready in 1245ms
 ○ Compiling / ...
 ✓ Compiled / in 2.5s (1742 modules)
 GET / 200 in 2827ms
 ✓ Compiled in 411ms (875 modules)
 GET / 200 in 34ms
 GET / 200 in 24ms
 GET / 200 in 28ms
 ✓ Compiled /api/patients in 297ms (900 modules)
 GET /api/patients 200 in 489ms
 GET /api/patients 200 in 19ms
 GET / 200 in 56ms
 GET / 200 in 24ms
 ✓ Compiled in 577ms (1742 modules)
 ✓ Compiled in 353ms (875 modules)
[?25h
