  ▲ Next.js 14.2.28
  - Local:        http://localhost:3000
  - Environments: .env
  - Experiments (use with caution):
    · outputFileTracingRoot

 ✓ Starting...
 ✓ Ready in 1290ms
 ○ Compiling / ...
 ✓ Compiled / in 2.6s (1742 modules)
 GET / 200 in 2915ms
 ✓ Compiled in 391ms (875 modules)
 GET / 200 in 36ms
 GET / 200 in 25ms
 GET / 200 in 27ms
 ✓ Compiled /api/patients in 217ms (900 modules)
 GET /api/patients 200 in 410ms
 GET /api/patients 200 in 20ms
 GET / 200 in 57ms
 GET / 200 in 27ms
 GET / 200 in 30ms
 GET / 200 in 28ms
 GET / 200 in 35ms
 GET / 200 in 26ms
 GET / 200 in 28ms
 GET / 200 in 25ms
 GET / 200 in 28ms
 GET / 200 in 27ms
 GET / 200 in 25ms
 GET / 200 in 27ms
 GET / 200 in 27ms
 GET / 200 in 27ms
 GET / 200 in 26ms
 GET / 200 in 26ms
 GET / 200 in 67ms
 GET / 200 in 26ms
 GET / 200 in 26ms
 GET / 200 in 25ms
 GET / 200 in 29ms
 GET / 200 in 36ms
 GET / 200 in 26ms
 GET / 200 in 25ms
 GET / 200 in 27ms
 GET / 200 in 24ms
 GET / 200 in 26ms
 GET / 200 in 25ms
