  ▲ Next.js 14.2.28
  - Local:        http://localhost:3000
  - Environments: .env
  - Experiments (use with caution):
    · outputFileTracingRoot

 ✓ Starting...
 ✓ Ready in 1687ms
 ○ Compiling / ...
 ✓ Compiled / in 2.2s (1641 modules)
 GET / 200 in 2372ms
 ✓ Compiled in 407ms (825 modules)
 ✓ Compiled /api/patients in 365ms (849 modules)
 GET /api/patients 200 in 563ms
 GET / 200 in 77ms
 GET /api/patients 200 in 34ms
 GET /api/patients 200 in 41ms
 GET / 200 in 39ms
 GET /api/patients 200 in 22ms
 GET /api/patients 200 in 22ms
[?25h
