  ▲ Next.js 14.2.28
  - Local:        http://localhost:3000
  - Environments: .env
  - Experiments (use with caution):
    · outputFileTracingRoot

 ✓ Starting...
 ✓ Ready in 1373ms
 ○ Compiling / ...
 ✓ Compiled / in 2.6s (1678 modules)
 GET / 200 in 2839ms
 ✓ Compiled in 387ms (843 modules)
 GET / 200 in 36ms
 ✓ Compiled /api/patients in 218ms (868 modules)
 GET /api/patients 200 in 403ms
 GET /api/patients 200 in 20ms
 GET / 200 in 57ms
 GET / 200 in 26ms
 GET / 200 in 33ms
 GET / 200 in 25ms
 GET / 200 in 26ms
[?25h
