  ▲ Next.js 14.2.28
  - Local:        http://localhost:3000
  - Environments: .env
  - Experiments (use with caution):
    · outputFileTracingRoot

 ✓ Starting...
 ✓ Ready in 1337ms
 ○ Compiling / ...
 ✓ Compiled / in 2.2s (1678 modules)
 GET / 200 in 2466ms
 ✓ Compiled in 368ms (843 modules)
 GET / 200 in 35ms
 ✓ Compiled /api/patients in 209ms (868 modules)
 GET /api/patients 200 in 398ms
 GET /api/patients 200 in 20ms
 GET / 200 in 59ms
 GET / 200 in 27ms
 GET / 200 in 31ms
 GET / 200 in 26ms
 GET / 200 in 27ms
 GET / 200 in 26ms
 GET /api/patients 200 in 35ms
 GET /api/patients 200 in 18ms
 GET / 200 in 24ms
 GET / 200 in 26ms
 GET / 200 in 27ms
 GET / 200 in 26ms
 GET / 200 in 27ms
 GET / 200 in 27ms
 GET / 200 in 28ms
 GET / 200 in 28ms
 GET / 200 in 31ms
 GET / 200 in 28ms
 GET / 200 in 30ms
 GET / 200 in 26ms
 GET / 200 in 26ms
 GET / 200 in 24ms
 GET / 200 in 24ms
 GET / 200 in 23ms
 GET / 200 in 24ms
 GET / 200 in 22ms
 GET / 200 in 77ms
 GET / 200 in 26ms
 GET / 200 in 25ms
 GET / 200 in 24ms
 GET / 200 in 25ms
 GET / 200 in 25ms
 GET / 200 in 23ms
 GET / 200 in 25ms
 GET / 200 in 25ms
 GET / 200 in 25ms
 GET / 200 in 25ms
 GET / 200 in 24ms
 GET / 200 in 23ms
 GET / 200 in 24ms
[?25h
