  ▲ Next.js 14.2.28
  - Local:        http://localhost:3000
  - Environments: .env
  - Experiments (use with caution):
    · outputFileTracingRoot

 ✓ Starting...
 ✓ Ready in 1324ms
 ○ Compiling / ...
 ✓ Compiled / in 2.3s (1678 modules)
 GET / 200 in 2618ms
 ✓ Compiled in 368ms (843 modules)
 GET / 200 in 37ms
 GET / 200 in 30ms
 GET / 200 in 59ms
 ✓ Compiled /api/patients in 286ms (868 modules)
 GET /api/patients 200 in 471ms
 GET /api/patients 200 in 22ms
 GET / 200 in 59ms
 GET / 200 in 29ms
 GET / 200 in 32ms
 ✓ Compiled in 425ms (843 modules)
 ✓ Compiled in 243ms (843 modules)
 ✓ Compiled in 259ms (843 modules)
 ✓ Compiled in 311ms (843 modules)
 ✓ Compiled in 250ms (843 modules)
[?25h
