  ▲ Next.js 14.2.28
  - Local:        http://localhost:3000
  - Environments: .env
  - Experiments (use with caution):
    · outputFileTracingRoot

 ✓ Starting...
 ✓ Ready in 1417ms
 ○ Compiling / ...
 ✓ Compiled / in 2.1s (1678 modules)
 GET / 200 in 2361ms
 ✓ Compiled in 393ms (843 modules)
 GET / 200 in 36ms
 ✓ Compiled /api/patients in 227ms (868 modules)
 GET /api/patients 200 in 414ms
 GET /api/patients 200 in 18ms
 GET / 200 in 60ms
 GET /api/patients 200 in 22ms
 GET /api/patients 200 in 20ms
 ✓ Compiled /_not-found in 412ms (1702 modules)
 GET /_next/static/chunks/handle-smooth-scroll.js.map 404 in 372ms
 GET /.well-known/appspecific/com.chrome.devtools.json 404 in 616ms
 GET /_next/static/chunks/BufferGeometryUtils.js.map 404 in 361ms
 GET /_next/static/chunks/app/preload-css.js.map 404 in 372ms
 GET /_next/static/chunks/static-generation-async-storage-instance.js.map 404 in 373ms
 GET / 200 in 356ms
 GET /.well-known/appspecific/com.chrome.devtools.json 404 in 28ms
 GET /_next/static/chunks/handle-smooth-scroll.js.map 404 in 23ms
 GET /_next/static/chunks/app/preload-css.js.map 404 in 23ms
 GET /_next/static/chunks/static-generation-async-storage-instance.js.map 404 in 16ms
 GET /api/patients 200 in 33ms
 GET /api/patients 200 in 26ms
 GET /_next/static/chunks/BufferGeometryUtils.js.map 404 in 15ms
[?25h
