  ▲ Next.js 14.2.28
  - Local:        http://localhost:3000
  - Environments: .env
  - Experiments (use with caution):
    · outputFileTracingRoot

 ✓ Starting...
 ✓ Ready in 1330ms
 ○ Compiling / ...
 ✓ Compiled / in 2.3s (1742 modules)
 GET / 200 in 2591ms
 ✓ Compiled in 382ms (875 modules)
 GET / 200 in 31ms
 GET / 200 in 25ms
 GET / 200 in 24ms
 ✓ Compiled /api/patients in 233ms (900 modules)
 GET /api/patients 200 in 421ms
 GET /api/patients 200 in 17ms
 GET / 200 in 57ms
 GET / 200 in 25ms
 GET / 200 in 28ms
 GET / 200 in 25ms
 GET / 200 in 26ms
 GET / 200 in 23ms
 GET / 200 in 26ms
 GET / 200 in 22ms
 GET / 200 in 23ms
 GET / 200 in 24ms
 GET / 200 in 22ms
 GET / 200 in 21ms
 GET / 200 in 24ms
 GET / 200 in 25ms
 GET / 200 in 21ms
 GET / 200 in 24ms
 GET / 200 in 24ms
 GET / 200 in 23ms
 GET / 200 in 24ms
 GET / 200 in 22ms
 GET / 200 in 22ms
 GET / 200 in 26ms
 GET / 200 in 24ms
 GET / 200 in 27ms
 GET / 200 in 19ms
