  ▲ Next.js 14.2.28
  - Local:        http://localhost:3000
  - Environments: .env
  - Experiments (use with caution):
    · outputFileTracingRoot

 ✓ Starting...
 ✓ Ready in 1366ms
 ○ Compiling / ...
 ✓ Compiled / in 2.1s (1678 modules)
 GET / 200 in 2437ms
 ✓ Compiled in 368ms (843 modules)
 GET / 200 in 37ms
 ✓ Compiled /api/patients in 200ms (868 modules)
 GET /api/patients 200 in 401ms
 GET /api/patients 200 in 20ms
 GET / 200 in 56ms
 GET / 200 in 27ms
 GET / 200 in 31ms
 GET / 200 in 30ms
 GET / 200 in 28ms
 GET / 200 in 25ms
 GET / 200 in 28ms
 GET / 200 in 29ms
 GET / 200 in 29ms
 GET / 200 in 26ms
 GET / 200 in 25ms
 GET / 200 in 26ms
 GET / 200 in 30ms
 GET / 200 in 25ms
 GET / 200 in 27ms
 GET / 200 in 23ms
 GET / 200 in 28ms
 GET / 200 in 34ms
 GET / 200 in 28ms
 GET / 200 in 27ms
 GET / 200 in 24ms
 GET / 200 in 24ms
 GET / 200 in 22ms
 GET / 200 in 25ms
 GET /api/patients 200 in 33ms
 GET /api/patients 200 in 22ms
 GET / 200 in 28ms
 GET /api/patients 200 in 28ms
 GET /api/patients 200 in 28ms
 ✓ Compiled in 701ms (1678 modules)
 GET / 200 in 368ms
 ✓ Compiled /api/patients in 152ms (868 modules)
 GET /api/patients 200 in 239ms
 GET /api/patients 200 in 25ms
[?25h
